<?xml version="1.0" encoding="utf-8"?><testsuites name="pytest tests"><testsuite name="pytest" errors="0" failures="1" skipped="0" tests="64" time="15.454" timestamp="2026-07-11T22:41:03.188151+00:00" hostname="agent-env-efbc9c54-f6ac-481b-91b6-16014fa59c15"><testcase classname="backend.tests.backend_test.TestJWTAuthentication" name="test_login_success_returns_token" time="0.628" /><testcase classname="backend.tests.backend_test.TestJWTAuthentication" name="test_login_wrong_password_returns_401" time="0.361" /><testcase classname="backend.tests.backend_test.TestJWTAuthentication" name="test_login_wrong_username_returns_401" time="0.150" /><testcase classname="backend.tests.backend_test.TestJWTAuthentication" name="test_protected_endpoint_without_auth_returns_401" time="0.159" /><testcase classname="backend.tests.backend_test.TestJWTAuthentication" name="test_protected_endpoint_with_invalid_token_returns_401" time="0.101" /><testcase classname="backend.tests.backend_test.TestJWTAuthentication" name="test_protected_endpoint_with_valid_token_returns_200" time="0.412" /><testcase classname="backend.tests.backend_test.TestJWTAuthentication" name="test_auth_me_with_valid_token" time="0.051" /><testcase classname="backend.tests.backend_test.TestJWTAuthentication" name="test_auth_me_without_token_returns_401" time="0.100" /><testcase classname="backend.tests.backend_test.TestJWTAuthentication" name="test_jwt_expiry_is_480_minutes" time="0.317" /><testcase classname="backend.tests.backend_test.TestJWTAuthentication" name="test_all_protected_endpoints_require_auth" time="1.129" /><testcase classname="backend.tests.backend_test.TestObjectIdValidationAndRegexEscape" name="test_invalid_customer_id_returns_400_not_500" time="0.049"><failure message="AssertionError: Expected 400 (or 404), got 500 - safe_object_id() not applied to GET /api/customers/{id}. Response: Internal Server Error&#10;assert 500 != 500&#10; +  where 500 = &lt;Response [500]&gt;.status_code">backend/tests/backend_test.py:146: in test_invalid_customer_id_returns_400_not_500
    assert r.status_code != 500, (
E   AssertionError: Expected 400 (or 404), got 500 - safe_object_id() not applied to GET /api/customers/{id}. Response: Internal Server Error
E   assert 500 != 500
E    +  where 500 = &lt;Response [500]&gt;.status_code</failure></testcase><testcase classname="backend.tests.backend_test.TestObjectIdValidationAndRegexEscape" name="test_regex_escape_in_customer_search" time="0.050" /><testcase classname="backend.tests.backend_test.TestCORSConfig" name="test_cors_allow_credentials_false" time="0.063" /><testcase classname="backend.tests.backend_test.TestAuth" name="test_login_success" time="0.276" /><testcase classname="backend.tests.backend_test.TestAuth" name="test_login_failure" time="0.270" /><testcase classname="backend.tests.backend_test.TestGenerators" name="test_get_generators_returns_exactly_3" time="0.049" /><testcase classname="backend.tests.backend_test.TestGenerators" name="test_generator_names_match_seed" time="0.046" /><testcase classname="backend.tests.backend_test.TestGenerators" name="test_generator_capacities" time="0.048" /><testcase classname="backend.tests.backend_test.TestDashboard" name="test_dashboard_total_generators_is_3" time="0.054" /><testcase classname="backend.tests.backend_test.TestCustomerAmperageRemoval" name="test_create_customer_without_amperage_succeeds" time="0.195" /><testcase classname="backend.tests.backend_test.TestCustomerAmperageRemoval" name="test_create_customer_with_amperage_is_ignored" time="0.144" /><testcase classname="backend.tests.backend_test.TestCustomerAmperageRemoval" name="test_get_customers_list_has_no_amperage" time="0.214" /><testcase classname="backend.tests.backend_test.TestCustomerAmperageRemoval" name="test_update_customer_without_amperage" time="0.189" /><testcase classname="backend.tests.backend_test.TestFullFlow" name="test_customer_reading_invoice_flow_no_amperage" time="0.233" /><testcase classname="backend.tests.backend_test.TestMonthlyFeeAndPayment" name="test_invoice_has_monthly_fee_field_default_5" time="0.283" /><testcase classname="backend.tests.backend_test.TestMonthlyFeeAndPayment" name="test_payment_without_invoice_id_in_body_succeeds" time="0.356" /><testcase classname="backend.tests.backend_test.TestMonthlyFeeAndPayment" name="test_payment_minimal_body_only_amount" time="0.297" /><testcase classname="backend.tests.backend_test.TestMonthlyFeeAndPayment" name="test_partial_payment_status" time="0.331" /><testcase classname="backend.tests.backend_test.TestMonthlyFeeAndPayment" name="test_full_payment_status" time="0.335" /><testcase classname="backend.tests.backend_test.TestMonthlyFeeAndPayment" name="test_multiple_incremental_payments" time="0.383" /><testcase classname="backend.tests.backend_test.TestMonthlyFeeAndPayment" name="test_payment_on_nonexistent_invoice_returns_404" time="0.048" /><testcase classname="backend.tests.backend_test.TestLatestReading" name="test_latest_reading_no_readings_returns_has_reading_false" time="0.202" /><testcase classname="backend.tests.backend_test.TestLatestReading" name="test_latest_reading_returns_most_recent" time="0.289" /><testcase classname="backend.tests.backend_test.TestLatestReading" name="test_latest_reading_returns_most_recent_reverse_insert" time="0.292" /><testcase classname="backend.tests.backend_test.TestLatestReading" name="test_latest_reading_full_flow_100_then_200" time="0.287" /><testcase classname="backend.tests.backend_test.TestLatestReading" name="test_latest_reading_invalid_customer_id_string" time="0.049" /><testcase classname="backend.tests.backend_test.TestLatestReading" name="test_latest_reading_wellformed_but_missing_objectid" time="0.046" /><testcase classname="backend.tests.backend_test.TestLatestReading" name="test_latest_reading_route_not_shadowed_by_reading_id_route" time="0.237" /><testcase classname="backend.tests.backend_test.TestInvoiceNumber" name="test_new_invoice_has_5digit_invoice_number" time="0.359" /><testcase classname="backend.tests.backend_test.TestInvoiceNumber" name="test_invoice_numbers_are_sequential" time="0.335" /><testcase classname="backend.tests.backend_test.TestInvoiceNumber" name="test_get_invoices_list_contains_invoice_number" time="0.320" /><testcase classname="backend.tests.backend_test.TestInvoiceNumber" name="test_new_invoice_number_greater_than_or_equal_01710" time="0.241" /><testcase classname="backend.tests.backend_test.TestInvoiceNumber" name="test_invoice_monthly_fee_default_still_5" time="0.234" /><testcase classname="backend.tests.backend_test.TestEndpointsHealth" name="test_get_customers" time="0.051" /><testcase classname="backend.tests.backend_test.TestEndpointsHealth" name="test_get_invoices" time="0.050" /><testcase classname="backend.tests.backend_test.TestEndpointsHealth" name="test_get_readings" time="0.046" /><testcase classname="backend.tests.backend_test.TestEndpointsHealth" name="test_get_expenses" time="0.049" /><testcase classname="backend.tests.backend_test.TestEndpointsHealth" name="test_reports_debts" time="0.049" /><testcase classname="backend.tests.backend_test.TestEndpointsHealth" name="test_reports_financial" time="0.052" /><testcase classname="backend.tests.backend_test.TestEndpointsHealth" name="test_reports_consumption" time="0.050" /><testcase classname="backend.tests.backend_test.TestCustomerCascadeDelete" name="test_delete_customer_cascades_invoices_readings_and_decrements_generator" time="0.693" /><testcase classname="backend.tests.backend_test.TestCustomerCascadeDelete" name="test_delete_customer_only_cascades_own_data_not_others" time="0.562" /><testcase classname="backend.tests.backend_test.TestCustomerCascadeDelete" name="test_delete_nonexistent_customer_returns_404" time="0.046" /><testcase classname="backend.tests.backend_test.TestCustomerCascadeDelete" name="test_invoice_creation_returns_invoice_id_in_response" time="0.291" /><testcase classname="backend.tests.backend_test.TestPaymentCascadeDelete" name="test_add_payment_persists_customer_id_on_payment_doc" time="0.291" /><testcase classname="backend.tests.backend_test.TestPaymentCascadeDelete" name="test_delete_customer_removes_all_payments" time="0.340" /><testcase classname="backend.tests.backend_test.TestPaymentCascadeDelete" name="test_delete_customer_does_not_touch_other_customers_payments" time="0.526" /><testcase classname="backend.tests.backend_test.TestDashboardMonthlyStats" name="test_dashboard_response_contains_all_new_fields" time="0.050" /><testcase classname="backend.tests.backend_test.TestDashboardMonthlyStats" name="test_create_expense_type_oil_succeeds" time="0.093" /><testcase classname="backend.tests.backend_test.TestDashboardMonthlyStats" name="test_create_expense_types_fuel_maintenance_other_still_work" time="0.368" /><testcase classname="backend.tests.backend_test.TestDashboardMonthlyStats" name="test_kwh_and_expense_deltas_after_create" time="0.720" /><testcase classname="backend.tests.backend_test.TestDashboardMonthlyStats" name="test_previous_month_reading_not_counted_in_monthly_kwh" time="0.301" /><testcase classname="backend.tests.backend_test.TestDashboardMonthlyStats" name="test_previous_month_expense_not_counted_in_monthly_expenses" time="0.194" /><testcase classname="backend.tests.backend_test.TestDashboardMonthlyStats" name="test_delete_expense_still_works" time="0.138" /></testsuite></testsuites>