<?xml version="1.0" encoding="utf-8"?><testsuites name="pytest tests"><testsuite name="pytest" errors="0" failures="0" skipped="0" tests="51" time="12.466" timestamp="2026-07-11T22:26:07.341376+00:00" hostname="agent-env-efbc9c54-f6ac-481b-91b6-16014fa59c15"><testcase classname="backend.tests.backend_test.TestAuth" name="test_login_success" time="0.263" /><testcase classname="backend.tests.backend_test.TestAuth" name="test_login_failure" time="0.051" /><testcase classname="backend.tests.backend_test.TestGenerators" name="test_get_generators_returns_exactly_3" time="0.052" /><testcase classname="backend.tests.backend_test.TestGenerators" name="test_generator_names_match_seed" time="0.051" /><testcase classname="backend.tests.backend_test.TestGenerators" name="test_generator_capacities" time="0.054" /><testcase classname="backend.tests.backend_test.TestDashboard" name="test_dashboard_total_generators_is_3" time="0.055" /><testcase classname="backend.tests.backend_test.TestCustomerAmperageRemoval" name="test_create_customer_without_amperage_succeeds" time="0.213" /><testcase classname="backend.tests.backend_test.TestCustomerAmperageRemoval" name="test_create_customer_with_amperage_is_ignored" time="0.155" /><testcase classname="backend.tests.backend_test.TestCustomerAmperageRemoval" name="test_get_customers_list_has_no_amperage" time="0.198" /><testcase classname="backend.tests.backend_test.TestCustomerAmperageRemoval" name="test_update_customer_without_amperage" time="0.201" /><testcase classname="backend.tests.backend_test.TestFullFlow" name="test_customer_reading_invoice_flow_no_amperage" time="0.254" /><testcase classname="backend.tests.backend_test.TestMonthlyFeeAndPayment" name="test_invoice_has_monthly_fee_field_default_5" time="0.318" /><testcase classname="backend.tests.backend_test.TestMonthlyFeeAndPayment" name="test_payment_without_invoice_id_in_body_succeeds" time="0.376" /><testcase classname="backend.tests.backend_test.TestMonthlyFeeAndPayment" name="test_payment_minimal_body_only_amount" time="0.309" /><testcase classname="backend.tests.backend_test.TestMonthlyFeeAndPayment" name="test_partial_payment_status" time="0.375" /><testcase classname="backend.tests.backend_test.TestMonthlyFeeAndPayment" name="test_full_payment_status" time="0.355" /><testcase classname="backend.tests.backend_test.TestMonthlyFeeAndPayment" name="test_multiple_incremental_payments" time="0.411" /><testcase classname="backend.tests.backend_test.TestMonthlyFeeAndPayment" name="test_payment_on_nonexistent_invoice_returns_404" time="0.053" /><testcase classname="backend.tests.backend_test.TestLatestReading" name="test_latest_reading_no_readings_returns_has_reading_false" time="0.208" /><testcase classname="backend.tests.backend_test.TestLatestReading" name="test_latest_reading_returns_most_recent" time="0.312" /><testcase classname="backend.tests.backend_test.TestLatestReading" name="test_latest_reading_returns_most_recent_reverse_insert" time="0.320" /><testcase classname="backend.tests.backend_test.TestLatestReading" name="test_latest_reading_full_flow_100_then_200" time="0.370" /><testcase classname="backend.tests.backend_test.TestLatestReading" name="test_latest_reading_invalid_customer_id_string" time="0.066" /><testcase classname="backend.tests.backend_test.TestLatestReading" name="test_latest_reading_wellformed_but_missing_objectid" time="0.057" /><testcase classname="backend.tests.backend_test.TestLatestReading" name="test_latest_reading_route_not_shadowed_by_reading_id_route" time="0.284" /><testcase classname="backend.tests.backend_test.TestInvoiceNumber" name="test_new_invoice_has_5digit_invoice_number" time="0.299" /><testcase classname="backend.tests.backend_test.TestInvoiceNumber" name="test_invoice_numbers_are_sequential" time="0.370" /><testcase classname="backend.tests.backend_test.TestInvoiceNumber" name="test_get_invoices_list_contains_invoice_number" time="0.305" /><testcase classname="backend.tests.backend_test.TestInvoiceNumber" name="test_new_invoice_number_greater_than_or_equal_01710" time="0.259" /><testcase classname="backend.tests.backend_test.TestInvoiceNumber" name="test_invoice_monthly_fee_default_still_5" time="0.272" /><testcase classname="backend.tests.backend_test.TestEndpointsHealth" name="test_get_customers" time="0.058" /><testcase classname="backend.tests.backend_test.TestEndpointsHealth" name="test_get_invoices" time="0.052" /><testcase classname="backend.tests.backend_test.TestEndpointsHealth" name="test_get_readings" time="0.054" /><testcase classname="backend.tests.backend_test.TestEndpointsHealth" name="test_get_expenses" time="0.053" /><testcase classname="backend.tests.backend_test.TestEndpointsHealth" name="test_reports_debts" time="0.058" /><testcase classname="backend.tests.backend_test.TestEndpointsHealth" name="test_reports_financial" time="0.053" /><testcase classname="backend.tests.backend_test.TestEndpointsHealth" name="test_reports_consumption" time="0.058" /><testcase classname="backend.tests.backend_test.TestCustomerCascadeDelete" name="test_delete_customer_cascades_invoices_readings_and_decrements_generator" time="0.717" /><testcase classname="backend.tests.backend_test.TestCustomerCascadeDelete" name="test_delete_customer_only_cascades_own_data_not_others" time="0.680" /><testcase classname="backend.tests.backend_test.TestCustomerCascadeDelete" name="test_delete_nonexistent_customer_returns_404" time="0.055" /><testcase classname="backend.tests.backend_test.TestCustomerCascadeDelete" name="test_invoice_creation_returns_invoice_id_in_response" time="0.345" /><testcase classname="backend.tests.backend_test.TestPaymentCascadeDelete" name="test_add_payment_persists_customer_id_on_payment_doc" time="0.355" /><testcase classname="backend.tests.backend_test.TestPaymentCascadeDelete" name="test_delete_customer_removes_all_payments" time="0.386" /><testcase classname="backend.tests.backend_test.TestPaymentCascadeDelete" name="test_delete_customer_does_not_touch_other_customers_payments" time="0.597" /><testcase classname="backend.tests.backend_test.TestDashboardMonthlyStats" name="test_dashboard_response_contains_all_new_fields" time="0.060" /><testcase classname="backend.tests.backend_test.TestDashboardMonthlyStats" name="test_create_expense_type_oil_succeeds" time="0.110" /><testcase classname="backend.tests.backend_test.TestDashboardMonthlyStats" name="test_create_expense_types_fuel_maintenance_other_still_work" time="0.367" /><testcase classname="backend.tests.backend_test.TestDashboardMonthlyStats" name="test_kwh_and_expense_deltas_after_create" time="0.716" /><testcase classname="backend.tests.backend_test.TestDashboardMonthlyStats" name="test_previous_month_reading_not_counted_in_monthly_kwh" time="0.316" /><testcase classname="backend.tests.backend_test.TestDashboardMonthlyStats" name="test_previous_month_expense_not_counted_in_monthly_expenses" time="0.203" /><testcase classname="backend.tests.backend_test.TestDashboardMonthlyStats" name="test_delete_expense_still_works" time="0.147" /></testsuite></testsuites>